<?xml version="1.0" encoding="UTF-8"?>
<!-- Generated by org.testng.reporters.JUnitReportReporter -->
<testsuite hostname="LIN-5CG1347HCF" failures="0" tests="1" name="testCases.NewTest" time="6.468" errors="0" timestamp="22 Mar 2024 05:26:10 GMT">
  <testcase classname="testCases.NewTest" name="f" time="6.468"/>
</testsuite> <!-- testCases.NewTest -->
